<?xml version="1.0" encoding="UTF-8"?>
<!-- Generated by org.testng.reporters.JUnitReportReporter -->
<testsuite skipped="0" hostname="FNFILPT489" name="Rest.Api.S" tests="1" failures="0" timestamp="2020-06-04T16:34:28 IST" time="23.432" errors="0">
  <testcase name="test" time="23.432" classname="Rest.Api.S"/>
  <system-out/>
</testsuite> <!-- Rest.Api.S -->
